<?xml version="1.0" encoding="UTF-8"?>
<!-- Generated by org.testng.reporters.JUnitReportReporter -->
<testsuite hostname="LAPTOP-0SCJ6J7A" failures="0" tests="1" name="demogit.Demo" time="0.028" errors="0" timestamp="2022-03-10T22:42:06 IST" skipped="0">
  <testcase classname="demogit.Demo" name="demo" time="0.028"/>
  <system-out/>
</testsuite> <!-- demogit.Demo -->
